2013-02-23 13:32:11 COMMAND: "sudo ppa-purge ppa:rabbitvcs/ppa"
2013-02-23 13:32:11 ERROR: E: Could not get lock /var/lib/dpkg/lock - open (11: Resource temporarily unavailable)
E: Unable to lock the administration directory (/var/lib/dpkg/), is another process using it?
Warning:  apt-get update failed for some reason


2013-02-23 13:58:37 COMMAND: "sudo ulimit -n unlimited"
2013-02-23 13:58:37 ERROR: sudo: ulimit: command not found


2013-02-23 13:59:13 COMMAND: "ulimit -n unlimited"
2013-02-23 13:59:13 ERROR: /bin/sh: 1: ulimit: error setting limit (Operation not permitted)


2013-02-23 13:59:26 COMMAND: "ulimit -n unlimited"
2013-02-23 13:59:26 ERROR: /bin/sh: 1: ulimit: error setting limit (Operation not permitted)


2013-02-23 13:59:38 COMMAND: "ulimit -n unlimited"
2013-02-23 13:59:38 ERROR: /bin/sh: 1: ulimit: error setting limit (Operation not permitted)


2013-02-23 13:59:38 COMMAND: "ulimit -n unlimited"
2013-02-23 13:59:38 ERROR: /bin/sh: 1: ulimit: error setting limit (Operation not permitted)


2013-02-23 14:16:23 COMMAND: "sudo add-apt-repository -y "deb http://ppa.launchpad.net/rabbitvcs/ppa/ubuntu quantal main""
2013-02-23 14:16:23 ERROR: gpg: keyring `/tmp/tmpo5pbbk/secring.gpg' created
gpg: keyring `/tmp/tmpo5pbbk/pubring.gpg' created
gpg: requesting key 34EF4A35 from hkp server keyserver.ubuntu.com
gpg: /tmp/tmpo5pbbk/trustdb.gpg: trustdb created
gpg: key 34EF4A35: public key "Launchpad RabbitVCS" imported
gpg: Total number processed: 1
gpg:               imported: 1  (RSA: 1)


2013-02-23 14:24:59 COMMAND: "sudo add-apt-repository -y "deb http://ppa.launchpad.net/rabbitvcs/ppa/ubuntu quantal main""
2013-02-23 14:24:59 ERROR: gpg: keyring `/tmp/tmpdjb337/secring.gpg' created
gpg: keyring `/tmp/tmpdjb337/pubring.gpg' created
gpg: requesting key 34EF4A35 from hkp server keyserver.ubuntu.com
gpg: /tmp/tmpdjb337/trustdb.gpg: trustdb created
gpg: key 34EF4A35: public key "Launchpad RabbitVCS" imported
gpg: Total number processed: 1
gpg:               imported: 1  (RSA: 1)


2013-02-23 14:41:04 COMMAND: "sudo add-apt-repository -y "deb http://ppa.launchpad.net/rabbitvcs/ppa/ubuntu quantal main""
2013-02-23 14:41:04 ERROR: gpg: keyring `/tmp/tmpc6qtl6/secring.gpg' created
gpg: keyring `/tmp/tmpc6qtl6/pubring.gpg' created
gpg: requesting key 34EF4A35 from hkp server keyserver.ubuntu.com
gpg: /tmp/tmpc6qtl6/trustdb.gpg: trustdb created
gpg: key 34EF4A35: public key "Launchpad RabbitVCS" imported
gpg: Total number processed: 1
gpg:               imported: 1  (RSA: 1)


2013-02-23 14:49:22 COMMAND: "sudo add-apt-repository -y "deb http://ppa.launchpad.net/rabbitvcs/ppa/ubuntu quantal main""
2013-02-23 14:49:22 ERROR: gpg: keyring `/tmp/tmpqn1e2l/secring.gpg' created
gpg: keyring `/tmp/tmpqn1e2l/pubring.gpg' created
gpg: requesting key 34EF4A35 from hkp server keyserver.ubuntu.com
gpg: /tmp/tmpqn1e2l/trustdb.gpg: trustdb created
gpg: key 34EF4A35: public key "Launchpad RabbitVCS" imported
gpg: Total number processed: 1
gpg:               imported: 1  (RSA: 1)


2013-02-23 14:54:40 COMMAND: "sudo add-apt-repository -y "deb http://ppa.launchpad.net/rabbitvcs/ppa/ubuntu quantal main""
2013-02-23 14:54:40 ERROR: gpg: keyring `/tmp/tmppeclmt/secring.gpg' created
gpg: keyring `/tmp/tmppeclmt/pubring.gpg' created
gpg: requesting key 34EF4A35 from hkp server keyserver.ubuntu.com
gpg: /tmp/tmppeclmt/trustdb.gpg: trustdb created
gpg: key 34EF4A35: public key "Launchpad RabbitVCS" imported
gpg: Total number processed: 1
gpg:               imported: 1  (RSA: 1)


2013-02-23 14:54:56 COMMAND: "sudo ppa-purge -y ppa:rabbitvcs/ppa"
2013-02-23 14:54:56 ERROR: E: Could not get lock /var/lib/dpkg/lock - open (11: Resource temporarily unavailable)
E: Unable to lock the administration directory (/var/lib/dpkg/), is another process using it?
Warning:  apt-get update failed for some reason


